2025-07-23 17:24:57,180 - FileSorter - INFO - Starting FileSorter application
2025-07-23 17:24:57,971 - FileSorter - INFO - Application initialized successfully
2025-07-23 17:24:58,015 - FileSorter - INFO - Desktop shortcut created
2025-07-23 17:26:09,190 - FileSorter - INFO - FileSorter application terminated
2025-07-23 17:26:11,735 - FileSorter - INFO - Starting FileSorter application
2025-07-23 17:26:12,198 - FileSorter - INFO - Application initialized successfully
2025-07-23 17:26:31,515 - FileSorter - INFO - FileSorter application terminated
2025-07-23 17:47:53,935 - FileSorter - INFO - Starting FileSorter application
2025-07-23 17:47:54,028 - FileSorter - INFO - Loaded previous workspace: Z:\VSCode\Python\Apps\File Sorter\source\TESTING
2025-07-23 17:47:54,400 - FileSorter - INFO - Application initialized successfully
2025-07-23 17:47:54,431 - FileSorter - INFO - Desktop shortcut created
2025-07-23 17:48:02,660 - FileSorter - INFO - FileSorter application terminated
2025-07-23 17:48:28,305 - FileSorter - INFO - Starting FileSorter application
2025-07-23 17:48:28,742 - FileSorter - INFO - Application initialized successfully
2025-07-23 17:48:28,770 - FileSorter - INFO - Desktop shortcut created
2025-07-23 17:48:43,555 - FileSorter - INFO - FileSorter application terminated
2025-07-23 17:48:46,041 - FileSorter - INFO - Starting FileSorter application
2025-07-23 17:48:46,120 - FileSorter - INFO - Loaded previous workspace: Z:\VSCode\Python\Apps\File Sorter\source\TESTING
2025-07-23 17:48:46,490 - FileSorter - INFO - Application initialized successfully
2025-07-23 17:49:44,393 - FileSorter - INFO - FileSorter application terminated
2025-07-23 17:49:45,638 - FileSorter - INFO - Starting FileSorter application
2025-07-23 17:49:45,723 - FileSorter - INFO - Loaded previous workspace: Z:\VSCode\Python\Apps\File Sorter\source\TESTING
2025-07-23 17:49:46,092 - FileSorter - INFO - Application initialized successfully
2025-07-23 17:49:52,569 - FileSorter - INFO - FileSorter application terminated
2025-07-23 17:58:47,456 - FileSorter - INFO - Starting FileSorter application
2025-07-23 17:58:47,931 - FileSorter - INFO - Application initialized successfully
2025-07-23 17:59:28,639 - FileSorter - INFO - FileSorter application terminated
2025-07-23 17:59:31,128 - FileSorter - INFO - Starting FileSorter application
2025-07-23 17:59:31,590 - FileSorter - INFO - Application initialized successfully
2025-07-23 17:59:39,231 - FileSorter - INFO - FileSorter application terminated
2025-07-23 18:03:03,675 - FileSorter - INFO - Starting FileSorter application
2025-07-23 18:03:04,105 - FileSorter - INFO - Application initialized successfully
2025-07-23 18:03:42,631 - FileSorter - INFO - FileSorter application terminated
2025-07-23 18:03:44,165 - FileSorter - INFO - Starting FileSorter application
2025-07-23 18:03:44,255 - FileSorter - INFO - Found workspace at: Z:\VSCode\Python\Apps\File Sorter\source\TESTING
2025-07-23 18:03:44,256 - FileSorter - INFO - Loaded previous workspace: Z:\VSCode\Python\Apps\File Sorter\source\TESTING
2025-07-23 18:03:44,635 - FileSorter - INFO - Application initialized successfully
2025-07-23 18:03:45,888 - FileSorter - INFO - FileSorter application terminated
2025-07-23 18:10:44,179 - FileSorter - INFO - Starting FileSorter application
2025-07-23 18:10:44,268 - FileSorter - INFO - Found workspace at: Z:\VSCode\Python\Apps\File Sorter\source\TESTING
2025-07-23 18:10:44,270 - FileSorter - INFO - Loaded previous workspace: Z:\VSCode\Python\Apps\File Sorter\source\TESTING
2025-07-23 18:10:44,652 - FileSorter - INFO - Application initialized successfully
2025-07-23 18:11:31,205 - FileSorter - INFO - FileSorter application terminated
2025-07-23 18:16:43,147 - FileSorter - INFO - Starting FileSorter application
2025-07-23 18:16:43,237 - FileSorter - INFO - Found workspace at: Z:\VSCode\Python\Apps\File Sorter\source\TESTING
2025-07-23 18:16:43,238 - FileSorter - INFO - Loaded previous workspace: Z:\VSCode\Python\Apps\File Sorter\source\TESTING
2025-07-23 18:16:43,608 - FileSorter - INFO - Application initialized successfully
2025-07-23 18:17:55,165 - FileSorter - INFO - FileSorter application terminated
2025-07-23 18:18:32,944 - FileSorter - INFO - Starting FileSorter application
2025-07-23 18:18:33,031 - FileSorter - INFO - Found workspace at: Z:\VSCode\Python\Apps\File Sorter\source\TESTING
2025-07-23 18:18:33,032 - FileSorter - INFO - Loaded previous workspace: Z:\VSCode\Python\Apps\File Sorter\source\TESTING
2025-07-23 18:18:33,411 - FileSorter - INFO - Application initialized successfully
2025-07-23 18:18:37,589 - FileSorter - INFO - FileSorter application terminated
2025-07-23 18:20:45,197 - FileSorter - INFO - Starting FileSorter application
2025-07-23 18:20:45,279 - FileSorter - INFO - Found workspace at: Z:\VSCode\Python\Apps\File Sorter\source\TESTING
2025-07-23 18:20:45,279 - FileSorter - INFO - Loaded previous workspace: Z:\VSCode\Python\Apps\File Sorter\source\TESTING
2025-07-23 18:20:45,648 - FileSorter - INFO - Application initialized successfully
2025-07-23 18:20:48,418 - FileSorter - INFO - FileSorter application terminated
2025-07-23 18:20:55,526 - FileSorter - INFO - Starting FileSorter application
2025-07-23 18:20:55,616 - FileSorter - INFO - Found workspace at: Z:\VSCode\Python\Apps\File Sorter\source\TESTING
2025-07-23 18:20:55,617 - FileSorter - INFO - Loaded previous workspace: Z:\VSCode\Python\Apps\File Sorter\source\TESTING
2025-07-23 18:20:56,007 - FileSorter - INFO - Application initialized successfully
2025-07-23 18:20:59,444 - FileSorter - INFO - FileSorter application terminated
2025-07-23 18:21:11,089 - FileSorter - INFO - Starting FileSorter application
2025-07-23 18:21:11,183 - FileSorter - INFO - Found workspace at: Z:\VSCode\Python\Apps\File Sorter\source\TESTING
2025-07-23 18:21:11,184 - FileSorter - INFO - Loaded previous workspace: Z:\VSCode\Python\Apps\File Sorter\source\TESTING
2025-07-23 18:21:11,574 - FileSorter - INFO - Application initialized successfully
2025-07-23 18:21:16,338 - FileSorter - INFO - FileSorter application terminated
2025-07-23 18:21:24,044 - FileSorter - INFO - Starting FileSorter application
2025-07-23 18:21:24,129 - FileSorter - INFO - Found workspace at: Z:\VSCode\Python\Apps\File Sorter\source\TESTING
2025-07-23 18:21:24,130 - FileSorter - INFO - Loaded previous workspace: Z:\VSCode\Python\Apps\File Sorter\source\TESTING
2025-07-23 18:21:24,496 - FileSorter - INFO - Application initialized successfully
2025-07-23 18:21:26,208 - FileSorter - INFO - FileSorter application terminated
2025-07-23 18:21:31,626 - FileSorter - INFO - Starting FileSorter application
2025-07-23 18:21:31,713 - FileSorter - INFO - Found workspace at: Z:\VSCode\Python\Apps\File Sorter\source\TESTING
2025-07-23 18:21:31,714 - FileSorter - INFO - Loaded previous workspace: Z:\VSCode\Python\Apps\File Sorter\source\TESTING
2025-07-23 18:21:32,079 - FileSorter - INFO - Application initialized successfully
2025-07-23 18:21:41,668 - FileSorter - INFO - FileSorter application terminated
2025-07-23 18:21:47,710 - FileSorter - INFO - Starting FileSorter application
2025-07-23 18:21:47,797 - FileSorter - INFO - Found workspace at: Z:\VSCode\Python\Apps\File Sorter\source\TESTING
2025-07-23 18:21:47,798 - FileSorter - INFO - Loaded previous workspace: Z:\VSCode\Python\Apps\File Sorter\source\TESTING
2025-07-23 18:21:48,169 - FileSorter - INFO - Application initialized successfully
2025-07-23 18:22:01,071 - FileSorter - INFO - FileSorter application terminated
2025-07-23 18:22:03,690 - FileSorter - INFO - Starting FileSorter application
2025-07-23 18:22:03,776 - FileSorter - INFO - Found workspace at: Z:\VSCode\Python\Apps\File Sorter\source\TESTING
2025-07-23 18:22:03,776 - FileSorter - INFO - Loaded previous workspace: Z:\VSCode\Python\Apps\File Sorter\source\TESTING
2025-07-23 18:22:04,142 - FileSorter - INFO - Application initialized successfully
2025-07-23 18:23:00,044 - FileSorter - INFO - FileSorter application terminated
2025-07-23 18:25:16,788 - FileSorter - INFO - Starting FileSorter application
2025-07-23 18:25:16,884 - FileSorter - INFO - Found workspace at: Z:\VSCode\Python\Apps\File Sorter\source\TESTING
2025-07-23 18:25:16,885 - FileSorter - INFO - Loaded previous workspace: Z:\VSCode\Python\Apps\File Sorter\source\TESTING
2025-07-23 18:25:17,255 - FileSorter - INFO - Application initialized successfully
2025-07-23 18:25:49,943 - FileSorter - INFO - FileSorter application terminated
2025-07-23 18:29:09,609 - FileSorter - INFO - Starting FileSorter application
2025-07-23 18:29:09,711 - FileSorter - INFO - Found workspace at: Z:\VSCode\Python\Apps\File Sorter\source\TESTING
2025-07-23 18:29:09,712 - FileSorter - INFO - Loaded previous workspace: Z:\VSCode\Python\Apps\File Sorter\source\TESTING
2025-07-23 18:29:10,098 - FileSorter - INFO - Application initialized successfully
2025-07-23 18:29:13,104 - FileSorter - INFO - FileSorter application terminated
2025-07-23 18:29:35,872 - FileSorter - INFO - Starting FileSorter application
2025-07-23 18:29:35,962 - FileSorter - INFO - Found workspace at: Z:\VSCode\Python\Apps\File Sorter\source\TESTING
2025-07-23 18:29:35,962 - FileSorter - INFO - Loaded previous workspace: Z:\VSCode\Python\Apps\File Sorter\source\TESTING
2025-07-23 18:29:36,326 - FileSorter - INFO - Application initialized successfully
2025-07-23 18:29:44,905 - FileSorter - INFO - FileSorter application terminated
2025-07-23 18:29:51,733 - FileSorter - INFO - Starting FileSorter application
2025-07-23 18:29:51,826 - FileSorter - INFO - Found workspace at: Z:\VSCode\Python\Apps\File Sorter\source\TESTING
2025-07-23 18:29:51,827 - FileSorter - INFO - Loaded previous workspace: Z:\VSCode\Python\Apps\File Sorter\source\TESTING
2025-07-23 18:29:52,194 - FileSorter - INFO - Application initialized successfully
2025-07-23 18:32:04,780 - FileSorter - INFO - FileSorter application terminated
2025-07-23 18:35:17,330 - FileSorter - INFO - Starting FileSorter application
2025-07-23 18:35:17,409 - FileSorter - INFO - Found workspace at: Z:\VSCode\Python\Apps\File Sorter\source\TESTING
2025-07-23 18:35:17,410 - FileSorter - INFO - Loaded previous workspace: Z:\VSCode\Python\Apps\File Sorter\source\TESTING
2025-07-23 18:35:17,774 - FileSorter - INFO - Application initialized successfully
2025-07-23 18:35:37,631 - FileSorter - INFO - FileSorter application terminated
2025-07-23 18:48:02,998 - FileSorter - INFO - Starting FileSorter application
2025-07-23 18:48:03,082 - FileSorter - INFO - Found workspace at: X:\File Sorter\Debug - new version\Test
2025-07-23 18:48:03,083 - FileSorter - INFO - Loaded previous workspace: X:\File Sorter\Debug - new version\Test
2025-07-23 18:48:03,464 - FileSorter - INFO - Application initialized successfully
2025-07-23 18:48:34,417 - FileSorter - INFO - FileSorter application terminated
2025-07-23 18:55:27,329 - FileSorter - INFO - Starting FileSorter application
2025-07-23 18:55:27,419 - FileSorter - INFO - Found workspace at: X:\File Sorter\Debug - new version\Test
2025-07-23 18:55:27,420 - FileSorter - INFO - Loaded previous workspace: X:\File Sorter\Debug - new version\Test
2025-07-23 18:55:27,795 - FileSorter - INFO - Application initialized successfully
2025-07-23 18:56:49,222 - FileSorter - INFO - FileSorter application terminated
2025-07-23 19:12:14,441 - FileSorter - INFO - Starting FileSorter application
2025-07-23 19:12:14,548 - FileSorter - INFO - Found workspace at: X:\File Sorter\Debug - new version\Test
2025-07-23 19:12:14,549 - FileSorter - INFO - Loaded previous workspace: X:\File Sorter\Debug - new version\Test
2025-07-23 19:12:15,021 - FileSorter - INFO - Application initialized successfully
2025-07-23 19:12:35,256 - FileSorter - INFO - FileSorter application terminated
2025-07-23 19:19:26,835 - FileSorter - INFO - Starting FileSorter application
2025-07-23 19:19:27,281 - FileSorter - INFO - Application initialized successfully
2025-07-23 19:19:29,277 - FileSorter - INFO - FileSorter application terminated
